c:\users\анна\desktop\kdfjg\debug\vc140.pdb
c:\users\анна\desktop\kdfjg\debug\vc140.idb
c:\users\анна\desktop\kdfjg\debug\bgiout.obj
c:\users\анна\desktop\kdfjg\debug\dibutil.obj
c:\users\анна\desktop\kdfjg\debug\drawing.obj
c:\users\анна\desktop\kdfjg\debug\file.obj
c:\users\анна\desktop\kdfjg\debug\misc.obj
c:\users\анна\desktop\kdfjg\debug\mouse.obj
c:\users\анна\desktop\kdfjg\debug\palette.obj
c:\users\анна\desktop\kdfjg\debug\main.obj
c:\users\анна\desktop\kdfjg\debug\text.obj
c:\users\анна\desktop\kdfjg\debug\winbgi.obj
c:\users\анна\desktop\kdfjg\debug\winthread.obj
c:\users\анна\desktop\kdfjg\debug\bgi.ilk
c:\users\анна\desktop\kdfjg\debug\bgi.exe
c:\users\анна\desktop\kdfjg\debug\bgi.pdb
c:\users\анна\desktop\kdfjg\debug\bgi.tlog\cl.command.1.tlog
c:\users\анна\desktop\kdfjg\debug\bgi.tlog\cl.read.1.tlog
c:\users\анна\desktop\kdfjg\debug\bgi.tlog\cl.write.1.tlog
c:\users\анна\desktop\kdfjg\debug\bgi.tlog\link.command.1.tlog
c:\users\анна\desktop\kdfjg\debug\bgi.tlog\link.read.1.tlog
c:\users\анна\desktop\kdfjg\debug\bgi.tlog\link.write.1.tlog
